# JRE version: Java(TM) SE Runtime Environment (8.0_25-b18) (build 1.8.0_25-b18)
# Java VM: Java HotSpot(TM) 64-Bit Server VM (25.25-b02 mixed mode windows-amd64 compressed oops)
Heap:
 PSYoungGen      total 167936K, used 108325K [0x00000000eb400000, 0x00000000fed00000, 0x0000000100000000)
  eden space 165888K, 65% used [0x00000000eb400000,0x00000000f1db1548,0x00000000f5600000)
  from space 2048K, 4% used [0x00000000fe900000,0x00000000fe918000,0x00000000feb00000)
  to   space 2048K, 0% used [0x00000000feb00000,0x00000000feb00000,0x00000000fed00000)
 ParOldGen       total 44032K, used 2711K [0x00000000c1c00000, 0x00000000c4700000, 0x00000000eb400000)
  object space 44032K, 6% used [0x00000000c1c00000,0x00000000c1ea5eb0,0x00000000c4700000)
 Metaspace       used 9229K, capacity 9362K, committed 9472K, reserved 1056768K
  class space    used 1120K, capacity 1187K, committed 1280K, reserved 1048576K
GC Heap History (10 events):
Event: 7.061 GC heap before
{Heap before GC invocations=21 (full 0):
 PSYoungGen      total 208896K, used 208480K [0x00000000eb400000, 0x00000000ff100000, 0x0000000100000000)
  eden space 208384K, 100% used [0x00000000eb400000,0x00000000f7f80000,0x00000000f7f80000)
  from space 512K, 18% used [0x00000000ff080000,0x00000000ff098000,0x00000000ff100000)
  to   space 2560K, 0% used [0x00000000fec00000,0x00000000fec00000,0x00000000fee80000)
 ParOldGen       total 44032K, used 2679K [0x00000000c1c00000, 0x00000000c4700000, 0x00000000eb400000)
  object space 44032K, 6% used [0x00000000c1c00000,0x00000000c1e9deb0,0x00000000c4700000)
 Metaspace       used 9168K, capacity 9298K, committed 9472K, reserved 1056768K
  class space    used 1119K, capacity 1187K, committed 1280K, reserved 1048576K
Event: 7.062 GC heap after
Heap after GC invocations=21 (full 0):
 PSYoungGen      total 201728K, used 128K [0x00000000eb400000, 0x00000000ff100000, 0x0000000100000000)
  eden space 199168K, 0% used [0x00000000eb400000,0x00000000eb400000,0x00000000f7680000)
  from space 2560K, 5% used [0x00000000fec00000,0x00000000fec20000,0x00000000fee80000)
  to   space 2560K, 0% used [0x00000000fee80000,0x00000000fee80000,0x00000000ff100000)
 ParOldGen       total 44032K, used 2711K [0x00000000c1c00000, 0x00000000c4700000, 0x00000000eb400000)
  object space 44032K, 6% used [0x00000000c1c00000,0x00000000c1ea5eb0,0x00000000c4700000)
 Metaspace       used 9168K, capacity 9298K, committed 9472K, reserved 1056768K
  class space    used 1119K, capacity 1187K, committed 1280K, reserved 1048576K
}
Event: 7.282 GC heap before
{Heap before GC invocations=22 (full 0):
 PSYoungGen      total 201728K, used 199296K [0x00000000eb400000, 0x00000000ff100000, 0x0000000100000000)
  eden space 199168K, 100% used [0x00000000eb400000,0x00000000f7680000,0x00000000f7680000)
  from space 2560K, 5% used [0x00000000fec00000,0x00000000fec20000,0x00000000fee80000)
  to   space 2560K, 0% used [0x00000000fee80000,0x00000000fee80000,0x00000000ff100000)
 ParOldGen       total 44032K, used 2711K [0x00000000c1c00000, 0x00000000c4700000, 0x00000000eb400000)
  object space 44032K, 6% used [0x00000000c1c00000,0x00000000c1ea5eb0,0x00000000c4700000)
 Metaspace       used 9169K, capacity 9298K, committed 9472K, reserved 1056768K
  class space    used 1119K, capacity 1187K, committed 1280K, reserved 1048576K
Event: 7.282 GC heap after
Heap after GC invocations=22 (full 0):
 PSYoungGen      total 190976K, used 96K [0x00000000eb400000, 0x00000000fef00000, 0x0000000100000000)
  eden space 190464K, 0% used [0x00000000eb400000,0x00000000eb400000,0x00000000f6e00000)
  from space 512K, 18% used [0x00000000fee80000,0x00000000fee98000,0x00000000fef00000)
  to   space 2560K, 0% used [0x00000000fea00000,0x00000000fea00000,0x00000000fec80000)
 ParOldGen       total 44032K, used 2711K [0x00000000c1c00000, 0x00000000c4700000, 0x00000000eb400000)
  object space 44032K, 6% used [0x00000000c1c00000,0x00000000c1ea5eb0,0x00000000c4700000)
 Metaspace       used 9169K, capacity 9298K, committed 9472K, reserved 1056768K
  class space    used 1119K, capacity 1187K, committed 1280K, reserved 1048576K
}
Event: 7.492 GC heap before
{Heap before GC invocations=23 (full 0):
 PSYoungGen      total 190976K, used 190560K [0x00000000eb400000, 0x00000000fef00000, 0x0000000100000000)
  eden space 190464K, 100% used [0x00000000eb400000,0x00000000f6e00000,0x00000000f6e00000)
  from space 512K, 18% used [0x00000000fee80000,0x00000000fee98000,0x00000000fef00000)
  to   space 2560K, 0% used [0x00000000fea00000,0x00000000fea00000,0x00000000fec80000)
 ParOldGen       total 44032K, used 2711K [0x00000000c1c00000, 0x00000000c4700000, 0x00000000eb400000)
  object space 44032K, 6% used [0x00000000c1c00000,0x00000000c1ea5eb0,0x00000000c4700000)
 Metaspace       used 9174K, capacity 9298K, committed 9472K, reserved 1056768K
  class space    used 1119K, capacity 1187K, committed 1280K, reserved 1048576K
Event: 7.492 GC heap after
Heap after GC invocations=23 (full 0):
 PSYoungGen      total 184320K, used 128K [0x00000000eb400000, 0x00000000fef00000, 0x0000000100000000)
  eden space 181760K, 0% used [0x00000000eb400000,0x00000000eb400000,0x00000000f6580000)
  from space 2560K, 5% used [0x00000000fea00000,0x00000000fea20000,0x00000000fec80000)
  to   space 2560K, 0% used [0x00000000fec80000,0x00000000fec80000,0x00000000fef00000)
 ParOldGen       total 44032K, used 2711K [0x00000000c1c00000, 0x00000000c4700000, 0x00000000eb400000)
  object space 44032K, 6% used [0x00000000c1c00000,0x00000000c1ea5eb0,0x00000000c4700000)
 Metaspace       used 9174K, capacity 9298K, committed 9472K, reserved 1056768K
  class space    used 1119K, capacity 1187K, committed 1280K, reserved 1048576K
}
Event: 7.693 GC heap before
{Heap before GC invocations=24 (full 0):
 PSYoungGen      total 184320K, used 181888K [0x00000000eb400000, 0x00000000fef00000, 0x0000000100000000)
  eden space 181760K, 100% used [0x00000000eb400000,0x00000000f6580000,0x00000000f6580000)
  from space 2560K, 5% used [0x00000000fea00000,0x00000000fea20000,0x00000000fec80000)
  to   space 2560K, 0% used [0x00000000fec80000,0x00000000fec80000,0x00000000fef00000)
 ParOldGen       total 44032K, used 2711K [0x00000000c1c00000, 0x00000000c4700000, 0x00000000eb400000)
  object space 44032K, 6% used [0x00000000c1c00000,0x00000000c1ea5eb0,0x00000000c4700000)
 Metaspace       used 9174K, capacity 9298K, committed 9472K, reserved 1056768K
  class space    used 1119K, capacity 1187K, committed 1280K, reserved 1048576K
Event: 7.694 GC heap after
Heap after GC invocations=24 (full 0):
 PSYoungGen      total 174080K, used 64K [0x00000000eb400000, 0x00000000fed00000, 0x0000000100000000)
  eden space 173568K, 0% used [0x00000000eb400000,0x00000000eb400000,0x00000000f5d80000)
  from space 512K, 12% used [0x00000000fec80000,0x00000000fec90000,0x00000000fed00000)
  to   space 2048K, 0% used [0x00000000fe900000,0x00000000fe900000,0x00000000feb00000)
 ParOldGen       total 44032K, used 2711K [0x00000000c1c00000, 0x00000000c4700000, 0x00000000eb400000)
  object space 44032K, 6% used [0x00000000c1c00000,0x00000000c1ea5eb0,0x00000000c4700000)
 Metaspace       used 9174K, capacity 9298K, committed 9472K, reserved 1056768K
  class space    used 1119K, capacity 1187K, committed 1280K, reserved 1048576K
}
Event: 7.886 GC heap before
{Heap before GC invocations=25 (full 0):
 PSYoungGen      total 174080K, used 173632K [0x00000000eb400000, 0x00000000fed00000, 0x0000000100000000)
  eden space 173568K, 100% used [0x00000000eb400000,0x00000000f5d80000,0x00000000f5d80000)
  from space 512K, 12% used [0x00000000fec80000,0x00000000fec90000,0x00000000fed00000)
  to   space 2048K, 0% used [0x00000000fe900000,0x00000000fe900000,0x00000000feb00000)
 ParOldGen       total 44032K, used 2711K [0x00000000c1c00000, 0x00000000c4700000, 0x00000000eb400000)
  object space 44032K, 6% used [0x00000000c1c00000,0x00000000c1ea5eb0,0x00000000c4700000)
 Metaspace       used 9188K, capacity 9362K, committed 9472K, reserved 1056768K
  class space    used 1119K, capacity 1187K, committed 1280K, reserved 1048576K
Event: 7.886 GC heap after
Heap after GC invocations=25 (full 0):
 PSYoungGen      total 167936K, used 96K [0x00000000eb400000, 0x00000000fed00000, 0x0000000100000000)
  eden space 165888K, 0% used [0x00000000eb400000,0x00000000eb400000,0x00000000f5600000)
  from space 2048K, 4% used [0x00000000fe900000,0x00000000fe918000,0x00000000feb00000)
  to   space 2048K, 0% used [0x00000000feb00000,0x00000000feb00000,0x00000000fed00000)
 ParOldGen       total 44032K, used 2711K [0x00000000c1c00000, 0x00000000c4700000, 0x00000000eb400000)
  object space 44032K, 6% used [0x00000000c1c00000,0x00000000c1ea5eb0,0x00000000c4700000)
 Metaspace       used 9188K, capacity 9362K, committed 9472K, reserved 1056768K
  class space    used 1119K, capacity 1187K, committed 1280K, reserved 1048576K
}

