# JRE version: Java(TM) SE Runtime Environment (8.0_25-b18) (build 1.8.0_25-b18)
# Java VM: Java HotSpot(TM) 64-Bit Server VM (25.25-b02 mixed mode windows-amd64 compressed oops)
Heap:
 PSYoungGen      total 265216K, used 24073K [0x00000000eb400000, 0x00000000fba00000, 0x0000000100000000)
  eden space 262144K, 9% used [0x00000000eb400000,0x00000000ecb1b5b0,0x00000000fb400000)
  from space 3072K, 13% used [0x00000000fb700000,0x00000000fb767010,0x00000000fba00000)
  to   space 3072K, 0% used [0x00000000fb400000,0x00000000fb400000,0x00000000fb700000)
 ParOldGen       total 44032K, used 1846K [0x00000000c1c00000, 0x00000000c4700000, 0x00000000eb400000)
  object space 44032K, 4% used [0x00000000c1c00000,0x00000000c1dcd980,0x00000000c4700000)
 Metaspace       used 9130K, capacity 9234K, committed 9344K, reserved 1056768K
  class space    used 1095K, capacity 1123K, committed 1152K, reserved 1048576K
GC Heap History (10 events):
Event: 0.428 GC heap before
{Heap before GC invocations=4 (full 0):
 PSYoungGen      total 35328K, used 34807K [0x00000000eb400000, 0x00000000ef900000, 0x0000000100000000)
  eden space 32768K, 100% used [0x00000000eb400000,0x00000000ed400000,0x00000000ed400000)
  from space 2560K, 79% used [0x00000000ed400000,0x00000000ed5fddb0,0x00000000ed680000)
  to   space 2560K, 0% used [0x00000000ef680000,0x00000000ef680000,0x00000000ef900000)
 ParOldGen       total 44032K, used 8K [0x00000000c1c00000, 0x00000000c4700000, 0x00000000eb400000)
  object space 44032K, 0% used [0x00000000c1c00000,0x00000000c1c02000,0x00000000c4700000)
 Metaspace       used 7043K, capacity 7168K, committed 7296K, reserved 1056768K
  class space    used 832K, capacity 864K, committed 896K, reserved 1048576K
Event: 0.432 GC heap after
Heap after GC invocations=4 (full 0):
 PSYoungGen      total 68096K, used 2207K [0x00000000eb400000, 0x00000000ef900000, 0x0000000100000000)
  eden space 65536K, 0% used [0x00000000eb400000,0x00000000eb400000,0x00000000ef400000)
  from space 2560K, 86% used [0x00000000ef680000,0x00000000ef8a7de0,0x00000000ef900000)
  to   space 2560K, 0% used [0x00000000ef400000,0x00000000ef400000,0x00000000ef680000)
 ParOldGen       total 44032K, used 16K [0x00000000c1c00000, 0x00000000c4700000, 0x00000000eb400000)
  object space 44032K, 0% used [0x00000000c1c00000,0x00000000c1c04000,0x00000000c4700000)
 Metaspace       used 7043K, capacity 7168K, committed 7296K, reserved 1056768K
  class space    used 832K, capacity 864K, committed 896K, reserved 1048576K
}
Event: 0.543 GC heap before
{Heap before GC invocations=5 (full 0):
 PSYoungGen      total 68096K, used 67743K [0x00000000eb400000, 0x00000000ef900000, 0x0000000100000000)
  eden space 65536K, 100% used [0x00000000eb400000,0x00000000ef400000,0x00000000ef400000)
  from space 2560K, 86% used [0x00000000ef680000,0x00000000ef8a7de0,0x00000000ef900000)
  to   space 2560K, 0% used [0x00000000ef400000,0x00000000ef400000,0x00000000ef680000)
 ParOldGen       total 44032K, used 16K [0x00000000c1c00000, 0x00000000c4700000, 0x00000000eb400000)
  object space 44032K, 0% used [0x00000000c1c00000,0x00000000c1c04000,0x00000000c4700000)
 Metaspace       used 7044K, capacity 7168K, committed 7296K, reserved 1056768K
  class space    used 832K, capacity 864K, committed 896K, reserved 1048576K
Event: 0.547 GC heap after
Heap after GC invocations=5 (full 0):
 PSYoungGen      total 68096K, used 1846K [0x00000000eb400000, 0x00000000f3900000, 0x0000000100000000)
  eden space 65536K, 0% used [0x00000000eb400000,0x00000000eb400000,0x00000000ef400000)
  from space 2560K, 72% used [0x00000000ef400000,0x00000000ef5cd930,0x00000000ef680000)
  to   space 2560K, 0% used [0x00000000f3680000,0x00000000f3680000,0x00000000f3900000)
 ParOldGen       total 44032K, used 16K [0x00000000c1c00000, 0x00000000c4700000, 0x00000000eb400000)
  object space 44032K, 0% used [0x00000000c1c00000,0x00000000c1c04000,0x00000000c4700000)
 Metaspace       used 7044K, capacity 7168K, committed 7296K, reserved 1056768K
  class space    used 832K, capacity 864K, committed 896K, reserved 1048576K
}
Event: 0.597 GC heap before
{Heap before GC invocations=6 (full 0):
 PSYoungGen      total 68096K, used 67382K [0x00000000eb400000, 0x00000000f3900000, 0x0000000100000000)
  eden space 65536K, 100% used [0x00000000eb400000,0x00000000ef400000,0x00000000ef400000)
  from space 2560K, 72% used [0x00000000ef400000,0x00000000ef5cd930,0x00000000ef680000)
  to   space 2560K, 0% used [0x00000000f3680000,0x00000000f3680000,0x00000000f3900000)
 ParOldGen       total 44032K, used 16K [0x00000000c1c00000, 0x00000000c4700000, 0x00000000eb400000)
  object space 44032K, 0% used [0x00000000c1c00000,0x00000000c1c04000,0x00000000c4700000)
 Metaspace       used 7044K, capacity 7168K, committed 7296K, reserved 1056768K
  class space    used 832K, capacity 864K, committed 896K, reserved 1048576K
Event: 0.602 GC heap after
Heap after GC invocations=6 (full 0):
 PSYoungGen      total 133632K, used 1745K [0x00000000eb400000, 0x00000000f3900000, 0x0000000100000000)
  eden space 131072K, 0% used [0x00000000eb400000,0x00000000eb400000,0x00000000f3400000)
  from space 2560K, 68% used [0x00000000f3680000,0x00000000f38344c0,0x00000000f3900000)
  to   space 2560K, 0% used [0x00000000f3400000,0x00000000f3400000,0x00000000f3680000)
 ParOldGen       total 44032K, used 24K [0x00000000c1c00000, 0x00000000c4700000, 0x00000000eb400000)
  object space 44032K, 0% used [0x00000000c1c00000,0x00000000c1c06000,0x00000000c4700000)
 Metaspace       used 7044K, capacity 7168K, committed 7296K, reserved 1056768K
  class space    used 832K, capacity 864K, committed 896K, reserved 1048576K
}
Event: 0.807 GC heap before
{Heap before GC invocations=7 (full 0):
 PSYoungGen      total 133632K, used 132817K [0x00000000eb400000, 0x00000000f3900000, 0x0000000100000000)
  eden space 131072K, 100% used [0x00000000eb400000,0x00000000f3400000,0x00000000f3400000)
  from space 2560K, 68% used [0x00000000f3680000,0x00000000f38344c0,0x00000000f3900000)
  to   space 2560K, 0% used [0x00000000f3400000,0x00000000f3400000,0x00000000f3680000)
 ParOldGen       total 44032K, used 24K [0x00000000c1c00000, 0x00000000c4700000, 0x00000000eb400000)
  object space 44032K, 0% used [0x00000000c1c00000,0x00000000c1c06000,0x00000000c4700000)
 Metaspace       used 7056K, capacity 7168K, committed 7296K, reserved 1056768K
  class space    used 832K, capacity 864K, committed 896K, reserved 1048576K
Event: 2.313 GC heap after
Heap after GC invocations=7 (full 0):
 PSYoungGen      total 133632K, used 620K [0x00000000eb400000, 0x00000000fba00000, 0x0000000100000000)
  eden space 131072K, 0% used [0x00000000eb400000,0x00000000eb400000,0x00000000f3400000)
  from space 2560K, 24% used [0x00000000f3400000,0x00000000f349b050,0x00000000f3680000)
  to   space 3072K, 0% used [0x00000000fb700000,0x00000000fb700000,0x00000000fba00000)
 ParOldGen       total 44032K, used 1674K [0x00000000c1c00000, 0x00000000c4700000, 0x00000000eb400000)
  object space 44032K, 3% used [0x00000000c1c00000,0x00000000c1da2970,0x00000000c4700000)
 Metaspace       used 7056K, capacity 7168K, committed 7296K, reserved 1056768K
  class space    used 832K, capacity 864K, committed 896K, reserved 1048576K
}
Event: 2.634 GC heap before
{Heap before GC invocations=8 (full 0):
 PSYoungGen      total 133632K, used 131692K [0x00000000eb400000, 0x00000000fba00000, 0x0000000100000000)
  eden space 131072K, 100% used [0x00000000eb400000,0x00000000f3400000,0x00000000f3400000)
  from space 2560K, 24% used [0x00000000f3400000,0x00000000f349b050,0x00000000f3680000)
  to   space 3072K, 0% used [0x00000000fb700000,0x00000000fb700000,0x00000000fba00000)
 ParOldGen       total 44032K, used 1674K [0x00000000c1c00000, 0x00000000c4700000, 0x00000000eb400000)
  object space 44032K, 3% used [0x00000000c1c00000,0x00000000c1da2970,0x00000000c4700000)
 Metaspace       used 8323K, capacity 8466K, committed 8576K, reserved 1056768K
  class space    used 1018K, capacity 1059K, committed 1152K, reserved 1048576K
Event: 2.639 GC heap after
Heap after GC invocations=8 (full 0):
 PSYoungGen      total 265216K, used 412K [0x00000000eb400000, 0x00000000fba00000, 0x0000000100000000)
  eden space 262144K, 0% used [0x00000000eb400000,0x00000000eb400000,0x00000000fb400000)
  from space 3072K, 13% used [0x00000000fb700000,0x00000000fb767010,0x00000000fba00000)
  to   space 3072K, 0% used [0x00000000fb400000,0x00000000fb400000,0x00000000fb700000)
 ParOldGen       total 44032K, used 1846K [0x00000000c1c00000, 0x00000000c4700000, 0x00000000eb400000)
  object space 44032K, 4% used [0x00000000c1c00000,0x00000000c1dcd980,0x00000000c4700000)
 Metaspace       used 8323K, capacity 8466K, committed 8576K, reserved 1056768K
  class space    used 1018K, capacity 1059K, committed 1152K, reserved 1048576K
}

